<?xml version="1.0" encoding="UTF-8"?>
<testsuite name="MusicAccountRetrieverTest" tests="2" skipped="0" failures="0" errors="0" timestamp="2025-03-17T19:36:43" hostname="Raphaels-MacBook-Pro.local" time="0.006">
  <properties/>
  <testcase name="retrieveAccount_returnCorrectData_returnsData()" classname="MusicAccountRetrieverTest" time="0.005"/>
  <testcase name="retrieveAccount_ifFutureNull_futureNotNull()" classname="MusicAccountRetrieverTest" time="0.001"/>
  <system-out><![CDATA[]]></system-out>
  <system-err><![CDATA[]]></system-err>
</testsuite>
